# JRE version: Java(TM) SE Runtime Environment (8.0_202-b08) (build 1.8.0_202-b08)
# Java VM: Java HotSpot(TM) 64-Bit Server VM (25.202-b08 mixed mode linux-amd64 compressed oops)
Heap:
 PSYoungGen      total 611840K, used 131202K [0x0000000580100000, 0x00000005cac00000, 0x0000000800000000)
  eden space 524800K, 25% used [0x0000000580100000,0x0000000588120908,0x00000005a0180000)
  from space 87040K, 0% used [0x00000005a0180000,0x00000005a0180000,0x00000005a5680000)
  to   space 87040K, 0% used [0x00000005c5700000,0x00000005c5700000,0x00000005cac00000)
 ParOldGen       total 559616K, used 9500K [0x0000000080200000, 0x00000000a2480000, 0x0000000580100000)
  object space 559616K, 1% used [0x0000000080200000,0x0000000080b47038,0x00000000a2480000)
 Metaspace       used 25097K, capacity 25350K, committed 25600K, reserved 1071104K
  class space    used 2945K, capacity 3041K, committed 3072K, reserved 1048576K
GC Heap History (4 events):
Event: 19.870 GC heap before
{Heap before GC invocations=1 (full 0):
 PSYoungGen      total 611840K, used 167937K [0x0000000580100000, 0x00000005aab80000, 0x0000000800000000)
  eden space 524800K, 32% used [0x0000000580100000,0x000000058a500750,0x00000005a0180000)
  from space 87040K, 0% used [0x00000005a5680000,0x00000005a5680000,0x00000005aab80000)
  to   space 87040K, 0% used [0x00000005a0180000,0x00000005a0180000,0x00000005a5680000)
 ParOldGen       total 1398272K, used 0K [0x0000000080200000, 0x00000000d5780000, 0x0000000580100000)
  object space 1398272K, 0% used [0x0000000080200000,0x0000000080200000,0x00000000d5780000)
 Metaspace       used 20903K, capacity 21152K, committed 21248K, reserved 1069056K
  class space    used 2453K, capacity 2558K, committed 2560K, reserved 1048576K
Event: 21.588 GC heap after
Heap after GC invocations=1 (full 0):
 PSYoungGen      total 611840K, used 10369K [0x0000000580100000, 0x00000005cac00000, 0x0000000800000000)
  eden space 524800K, 0% used [0x0000000580100000,0x0000000580100000,0x00000005a0180000)
  from space 87040K, 11% used [0x00000005a0180000,0x00000005a0ba0558,0x00000005a5680000)
  to   space 87040K, 0% used [0x00000005c5700000,0x00000005c5700000,0x00000005cac00000)
 ParOldGen       total 1398272K, used 24K [0x0000000080200000, 0x00000000d5780000, 0x0000000580100000)
  object space 1398272K, 0% used [0x0000000080200000,0x0000000080206000,0x00000000d5780000)
 Metaspace       used 20903K, capacity 21152K, committed 21248K, reserved 1069056K
  class space    used 2453K, capacity 2558K, committed 2560K, reserved 1048576K
}
Event: 21.589 GC heap before
{Heap before GC invocations=2 (full 1):
 PSYoungGen      total 611840K, used 10369K [0x0000000580100000, 0x00000005cac00000, 0x0000000800000000)
  eden space 524800K, 0% used [0x0000000580100000,0x0000000580100000,0x00000005a0180000)
  from space 87040K, 11% used [0x00000005a0180000,0x00000005a0ba0558,0x00000005a5680000)
  to   space 87040K, 0% used [0x00000005c5700000,0x00000005c5700000,0x00000005cac00000)
 ParOldGen       total 1398272K, used 24K [0x0000000080200000, 0x00000000d5780000, 0x0000000580100000)
  object space 1398272K, 0% used [0x0000000080200000,0x0000000080206000,0x00000000d5780000)
 Metaspace       used 20903K, capacity 21152K, committed 21248K, reserved 1069056K
  class space    used 2453K, capacity 2558K, committed 2560K, reserved 1048576K
Event: 21.656 GC heap after
Heap after GC invocations=2 (full 1):
 PSYoungGen      total 611840K, used 0K [0x0000000580100000, 0x00000005cac00000, 0x0000000800000000)
  eden space 524800K, 0% used [0x0000000580100000,0x0000000580100000,0x00000005a0180000)
  from space 87040K, 0% used [0x00000005a0180000,0x00000005a0180000,0x00000005a5680000)
  to   space 87040K, 0% used [0x00000005c5700000,0x00000005c5700000,0x00000005cac00000)
 ParOldGen       total 559616K, used 9500K [0x0000000080200000, 0x00000000a2480000, 0x0000000580100000)
  object space 559616K, 1% used [0x0000000080200000,0x0000000080b47038,0x00000000a2480000)
 Metaspace       used 20903K, capacity 21152K, committed 21248K, reserved 1069056K
  class space    used 2453K, capacity 2558K, committed 2560K, reserved 1048576K
}

